<?xml version="1.0" encoding="UTF-8"?>
<!-- Generated by org.testng.reporters.JUnitReportReporter -->
<testsuite hostname="DESKTOP-BVKH6RR" failures="0" tests="1" name="uploadDownload.ProjectExplores.UploadDownloadd" time="16.100" errors="0" timestamp="2025-04-13T09:31:23 IST" skipped="0">
  <testcase classname="uploadDownload.ProjectExplores.UploadDownloadd" name="downloadUpdateExcel" time="16.100"/>
</testsuite> <!-- uploadDownload.ProjectExplores.UploadDownloadd -->
